<?xml version="1.0" encoding="UTF-8" ?>
<testsuite tests="1" failures="0" name="cn.e3mall.jedis.TestClientJedis" time="0.458" errors="0" skipped="0">
  <properties>
    <property name="java.runtime.name" value="Java(TM) SE Runtime Environment"/>
    <property name="sun.boot.library.path" value="E:\Software\MyEclipse\binary\com.sun.java.jdk8.win32.x86_64_1.8.0.v112\jre\bin"/>
    <property name="java.vm.version" value="25.112-b15"/>
    <property name="java.vm.vendor" value="Oracle Corporation"/>
    <property name="maven.multiModuleProjectDirectory" value="D:\MyEclipse\e3-content"/>
    <property name="java.vendor.url" value="http://java.oracle.com/"/>
    <property name="path.separator" value=";"/>
    <property name="guice.disable.misplaced.annotation.check" value="true"/>
    <property name="java.vm.name" value="Java HotSpot(TM) 64-Bit Server VM"/>
    <property name="file.encoding.pkg" value="sun.io"/>
    <property name="user.script" value=""/>
    <property name="user.country" value="CN"/>
    <property name="sun.java.launcher" value="SUN_STANDARD"/>
    <property name="sun.os.patch.level" value=""/>
    <property name="java.vm.specification.name" value="Java Virtual Machine Specification"/>
    <property name="user.dir" value="D:\MyEclipse\e3-content"/>
    <property name="java.runtime.version" value="1.8.0_112-b15"/>
    <property name="java.awt.graphicsenv" value="sun.awt.Win32GraphicsEnvironment"/>
    <property name="java.endorsed.dirs" value="E:\Software\MyEclipse\binary\com.sun.java.jdk8.win32.x86_64_1.8.0.v112\jre\lib\endorsed"/>
    <property name="os.arch" value="amd64"/>
    <property name="java.io.tmpdir" value="C:\Users\ymdhi\AppData\Local\Temp\"/>
    <property name="line.separator" value="
"/>
    <property name="java.vm.specification.vendor" value="Oracle Corporation"/>
    <property name="user.variant" value=""/>
    <property name="os.name" value="Windows 10"/>
    <property name="classworlds.conf" value="D:\MyEclipse\.metadata\.plugins\org.eclipse.m2e.launching\launches\m2conf3513055333239030616.tmp"/>
    <property name="sun.jnu.encoding" value="GBK"/>
    <property name="java.library.path" value="E:\Software\MyEclipse\binary\com.sun.java.jdk8.win32.x86_64_1.8.0.v112\bin;C:\WINDOWS\Sun\Java\bin;C:\WINDOWS\system32;C:\WINDOWS;E:\Software\Oracle12c\bin;C:\Program Files (x86)\NVIDIA Corporation\PhysX\Common;E:\Software\JAVA8\jdk1.8.0_161\bin;E:\Software\JAVA8\jdk1.8.0_161\jre\bin;C:\Program Files (x86)\Windows Kits\8.1\Windows Performance Toolkit\;E:\Software\MATLAB\runtime\win64;E:\Software\MATLAB\bin;C:\WINDOWS\system32;C:\WINDOWS;C:\WINDOWS\System32\Wbem;C:\WINDOWS\System32\WindowsPowerShell\v1.0\;C:\Program Files\MySQL\MySQL Utilities 1.6\;C:\Program Files\MySQL\MySQL Server 5.5\bin;E:\Software\putty\;C:\Program Files\VisualSVN Server\bin;C:\Program Files\TortoiseSVN\bin;E:\Software\maven\apache-maven-3.3.9-bin\apache-maven-3.3.9\bin;E:\Software\Anaconda2017;E:\Software\Anaconda2017\Library\mingw-w64\bin;E:\Software\Anaconda2017\Library\usr\bin;E:\Software\Anaconda2017\Library\bin;E:\Software\Anaconda2017\Scripts;C:\Users\ymdhi\AppData\Local\Microsoft\WindowsApps;;."/>
    <property name="java.specification.name" value="Java Platform API Specification"/>
    <property name="java.class.version" value="52.0"/>
    <property name="sun.management.compiler" value="HotSpot 64-Bit Tiered Compilers"/>
    <property name="os.version" value="10.0"/>
    <property name="user.home" value="C:\Users\ymdhi"/>
    <property name="user.timezone" value="Asia/Shanghai"/>
    <property name="java.awt.printerjob" value="sun.awt.windows.WPrinterJob"/>
    <property name="java.specification.version" value="1.8"/>
    <property name="file.encoding" value="UTF-8"/>
    <property name="user.name" value="ymdhi"/>
    <property name="java.class.path" value="E:\Software\maven\apache-maven-3.3.9-bin\apache-maven-3.3.9\boot\plexus-classworlds-2.5.2.jar"/>
    <property name="java.vm.specification.version" value="1.8"/>
    <property name="sun.arch.data.model" value="64"/>
    <property name="java.home" value="E:\Software\MyEclipse\binary\com.sun.java.jdk8.win32.x86_64_1.8.0.v112\jre"/>
    <property name="sun.java.command" value="org.codehaus.plexus.classworlds.launcher.Launcher -B -s E:\Software\maven\apache-maven-3.3.9-bin\apache-maven-3.3.9\conf\settings.xml install"/>
    <property name="java.specification.vendor" value="Oracle Corporation"/>
    <property name="user.language" value="zh"/>
    <property name="awt.toolkit" value="sun.awt.windows.WToolkit"/>
    <property name="java.vm.info" value="mixed mode"/>
    <property name="java.version" value="1.8.0_112"/>
    <property name="java.ext.dirs" value="E:\Software\MyEclipse\binary\com.sun.java.jdk8.win32.x86_64_1.8.0.v112\jre\lib\ext;C:\WINDOWS\Sun\Java\lib\ext"/>
    <property name="sun.boot.class.path" value="E:\Software\MyEclipse\binary\com.sun.java.jdk8.win32.x86_64_1.8.0.v112\jre\lib\resources.jar;E:\Software\MyEclipse\binary\com.sun.java.jdk8.win32.x86_64_1.8.0.v112\jre\lib\rt.jar;E:\Software\MyEclipse\binary\com.sun.java.jdk8.win32.x86_64_1.8.0.v112\jre\lib\sunrsasign.jar;E:\Software\MyEclipse\binary\com.sun.java.jdk8.win32.x86_64_1.8.0.v112\jre\lib\jsse.jar;E:\Software\MyEclipse\binary\com.sun.java.jdk8.win32.x86_64_1.8.0.v112\jre\lib\jce.jar;E:\Software\MyEclipse\binary\com.sun.java.jdk8.win32.x86_64_1.8.0.v112\jre\lib\charsets.jar;E:\Software\MyEclipse\binary\com.sun.java.jdk8.win32.x86_64_1.8.0.v112\jre\lib\jfr.jar;E:\Software\MyEclipse\binary\com.sun.java.jdk8.win32.x86_64_1.8.0.v112\jre\classes"/>
    <property name="java.vendor" value="Oracle Corporation"/>
    <property name="maven.home" value="E:\Software\maven\apache-maven-3.3.9-bin\apache-maven-3.3.9"/>
    <property name="file.separator" value="\"/>
    <property name="java.vendor.url.bug" value="http://bugreport.sun.com/bugreport/"/>
    <property name="sun.cpu.endian" value="little"/>
    <property name="sun.io.unicode.encoding" value="UnicodeLittle"/>
    <property name="sun.desktop" value="windows"/>
    <property name="sun.cpu.isalist" value="amd64"/>
  </properties>
  <testcase classname="cn.e3mall.jedis.TestClientJedis" name="fun1" time="0.458"/>
</testsuite>